c:\cs 451\cs451-pa2_part1_anderson\vc_files\debug\vc120.pdb
c:\cs 451\cs451-pa2_part1_anderson\vc_files\debug\modelnode.obj
c:\cs 451\cs451-pa2_part1_anderson\vc_files\debug\modelgraph.obj
c:\cs 451\cs451-pa2_part1_anderson\vc_files\debug\modeledge.obj
c:\cs 451\cs451-pa2_part1_anderson\vc_files\debug\model.obj
c:\cs 451\cs451-pa2_part1_anderson\vc_files\debug\quaternion.obj
c:\cs 451\cs451-pa2_part1_anderson\vc_files\debug\main.obj
c:\cs 451\cs451-pa2_part1_anderson\vc_files\debug\gli.obj
c:\cs 451\cs451-pa2_part1_anderson\vc_files\debug\basic.obj
c:\cs 451\cs451-pa2_part2_anderson\vc_files\debug\vc120.pdb
c:\cs 451\cs451-pa2_part2_anderson\vc_files\debug\modelnode.obj
c:\cs 451\cs451-pa2_part2_anderson\vc_files\debug\modelgraph.obj
c:\cs 451\cs451-pa2_part2_anderson\vc_files\debug\modeledge.obj
c:\cs 451\cs451-pa2_part2_anderson\vc_files\debug\model.obj
c:\cs 451\cs451-pa2_part2_anderson\vc_files\debug\quaternion.obj
c:\cs 451\cs451-pa2_part2_anderson\vc_files\debug\main.obj
c:\cs 451\cs451-pa2_part2_anderson\vc_files\debug\gli.obj
c:\cs 451\cs451-pa2_part2_anderson\vc_files\debug\basic.obj
c:\cs 451\cs451-pa2_part2_anderson\cs451_pa2_part2_anderson\vc_files\debug\vc120.pdb
c:\cs 451\cs451-pa2_part2_anderson\cs451_pa2_part2_anderson\vc_files\debug\modelnode.obj
c:\cs 451\cs451-pa2_part2_anderson\cs451_pa2_part2_anderson\vc_files\debug\modelgraph.obj
c:\cs 451\cs451-pa2_part2_anderson\cs451_pa2_part2_anderson\vc_files\debug\modeledge.obj
c:\cs 451\cs451-pa2_part2_anderson\cs451_pa2_part2_anderson\vc_files\debug\model.obj
c:\cs 451\cs451-pa2_part2_anderson\cs451_pa2_part2_anderson\vc_files\debug\quaternion.obj
c:\cs 451\cs451-pa2_part2_anderson\cs451_pa2_part2_anderson\vc_files\debug\main.obj
c:\cs 451\cs451-pa2_part2_anderson\cs451_pa2_part2_anderson\vc_files\debug\gli.obj
c:\cs 451\cs451-pa2_part2_anderson\cs451_pa2_part2_anderson\vc_files\debug\basic.obj
c:\cs 451\cs451-pa2_part1_anderson\vc_files\debug\ffd.exe
c:\cs 451\cs451-pa2_part1_anderson\vc_files\debug\ffd.pdb
c:\cs 451\cs451-pa2_part2_anderson\vc_files\debug\ffd.exe
c:\cs 451\cs451-pa2_part2_anderson\vc_files\debug\ffd.pdb
c:\cs 451\cs451-pa2_part2_anderson\cs451_pa2_part2_anderson\vc_files\debug\ffd.exe
c:\cs 451\cs451-pa2_part2_anderson\cs451_pa2_part2_anderson\vc_files\debug\ffd.pdb
c:\cs 451\cs451-pa2_part2_anderson\cs451_pa2_part2_anderson\vc_files\debug\ffd.vcxprojresolveassemblyreference.cache
c:\cs 451\cs451-pa2_part2_anderson\cs451_pa2_part2_anderson\vc_files\debug\.netframework,version=v4.0.assemblyattributes.obj
c:\cs 451\cs451-pa2_part2_anderson\cs451_pa2_part2_anderson\vc_files\debug\ffd.exe.metagen
c:\cs 451\cs451-pa2_part2_anderson\cs451_pa2_part2_anderson\vc_files\debug\ffd.tlog\cl.command.1.tlog
c:\cs 451\cs451-pa2_part2_anderson\cs451_pa2_part2_anderson\vc_files\debug\ffd.tlog\cl.read.1.tlog
c:\cs 451\cs451-pa2_part2_anderson\cs451_pa2_part2_anderson\vc_files\debug\ffd.tlog\cl.write.1.tlog
c:\cs 451\cs451-pa2_part2_anderson\cs451_pa2_part2_anderson\vc_files\debug\ffd.tlog\link.command.1.tlog
c:\cs 451\cs451-pa2_part2_anderson\cs451_pa2_part2_anderson\vc_files\debug\ffd.tlog\link.read.1.tlog
c:\cs 451\cs451-pa2_part2_anderson\cs451_pa2_part2_anderson\vc_files\debug\ffd.tlog\link.write.1.tlog
c:\cs 451\cs451-pa2_part2_anderson\cs451_pa2_part2_anderson\vc_files\debug\ffd.tlog\metagen.read.1.tlog
c:\cs 451\cs451-pa2_part2_anderson\cs451_pa2_part2_anderson\vc_files\debug\ffd.tlog\metagen.write.1.tlog
c:\cs 451\cs451-pa2_part2_anderson\cs451_pa2_part2_anderson\vc_files\debug\ffd.tlog\tzres.dll.bi
